<?xml version="1.0" encoding="UTF-8"?>
<!-- Generated by org.testng.reporters.JUnitReportReporter -->
<testsuite hostname="Murali" failures="0" tests="1" name="com.testScenarios.LoginTestCases" time="4.402" errors="0" timestamp="15 Jun 2024 14:56:30 GMT" skipped="0">
  <testcase classname="com.testScenarios.LoginTestCases" name="complogin" time="4.402"/>
</testsuite> <!-- com.testScenarios.LoginTestCases -->
