<?xml version="1.0" encoding="UTF-8"?>
<!-- Generated by org.testng.reporters.JUnitReportReporter -->
<testsuite hostname="Murali" failures="0" tests="2" name="com.testScenarios.LoginTestCases" time="9.839" errors="0" timestamp="2024-06-22T01:40:49 IST" skipped="0">
  <testcase classname="com.testScenarios.LoginTestCases" name="loginWithValidCredentials" time="6.524"/>
  <testcase classname="com.testScenarios.LoginTestCases" name="loginWithInValidCredentials" time="3.315"/>
</testsuite> <!-- com.testScenarios.LoginTestCases -->
