<?xml version="1.0" encoding="UTF-8"?>
<!-- Generated by org.testng.reporters.JUnitReportReporter -->
<testsuite hostname="Murali" failures="0" tests="2" name="com.testScenarios.LoginTestCases" time="34.149" errors="0" timestamp="2024-06-21T13:38:07 IST" skipped="0">
  <testcase classname="com.testScenarios.LoginTestCases" name="complogin" time="6.461"/>
  <testcase classname="com.testScenarios.LoginTestCases" name="userlogin" time="27.688"/>
</testsuite> <!-- com.testScenarios.LoginTestCases -->
