<?xml version="1.0" encoding="UTF-8"?>
<!-- Generated by org.testng.reporters.JUnitReportReporter -->
<testsuite hostname="Murali" failures="0" tests="2" name="com.testScenarios.LoginTestCases" time="15.164" errors="0" timestamp="2024-06-21T16:29:00 IST" skipped="0">
  <testcase classname="com.testScenarios.LoginTestCases" name="complogin" time="6.514"/>
  <testcase classname="com.testScenarios.LoginTestCases" name="userlogin" time="8.650"/>
</testsuite> <!-- com.testScenarios.LoginTestCases -->
