<?xml version="1.0" encoding="UTF-8"?>
<!-- Generated by org.testng.reporters.JUnitReportReporter -->
<testsuite hostname="Murali" failures="0" tests="1" name="com.testScenarios.LoginTestCases" time="6.116" errors="0" timestamp="2024-06-19T14:23:09 IST" skipped="0">
  <testcase classname="com.testScenarios.LoginTestCases" name="complogin" time="6.116"/>
</testsuite> <!-- com.testScenarios.LoginTestCases -->
