<?xml version="1.0" encoding="UTF-8"?>
<!-- Generated by org.testng.reporters.JUnitReportReporter -->
<testsuite hostname="Murali" failures="0" tests="3" name="com.testScenarios.DegradeReport" time="31.381" errors="0" timestamp="2024-06-22T05:01:18 IST" skipped="0">
  <testcase classname="com.testScenarios.DegradeReport" name="complogin" time="7.851"/>
  <testcase classname="com.testScenarios.DegradeReport" name="userlogin" time="8.931"/>
  <testcase classname="com.testScenarios.DegradeReport" name="searchpng" time="14.599"/>
</testsuite> <!-- com.testScenarios.DegradeReport -->
